<?xml version="1.0" encoding="UTF-8" ?>
<testsuite tests="5" failures="0" name="com.clc.CalculatorTest" time="0.019" errors="0" skipped="0">
  <properties>
[...]
</properties>
  <testcase classname="com.clc.CalculatorTest" name="multiply1" time="0.011"/>
  <testcase classname="com.clc.CalculatorTest" name="add1" time="0"/>
  <testcase classname="com.clc.CalculatorTest" name="add2" time="0.005"/>
  <testcase classname="com.clc.CalculatorTest" name="subtract1" time="0.003"/>
  <testcase classname="com.clc.CalculatorTest" name="divide1" time="0"/>
</testsuite>